time="2017-07-23T23:08:45+03:00" level=info msg="Result was send. Tournament id: 1. Winner team [{P4 468} {P1 600} {P2 466} {P3 466}]. Main player &{P5 1}" 
time="2017-07-23T23:14:17+03:00" level=info msg="getFundHandler. Player id = P1. The balance has been replenished" 
time="2017-07-23T23:14:22+03:00" level=info msg="getFundHandler. Player id = P1. The balance has been replenished" 
 level=error msg="getResultTournamentHandler.Cant found team which won. Error: <nil>" 
time="2017-07-23T21:43:11+03:00" level=error msg="getResultTournamentHandler.Cant found team which won. Error: <nil>" 
time="2017-07-23T21:43:11+03:00" level=error msg="getResultTournamentHandler.Cant found team which won. Error: <nil>" 
time="2017-07-23T21:43:11+03:00" level=error msg="getResultTournamentHandler.Cant found team which won. Error: <nil>" 
time="2017-07-23T21:43:12+03:00" level=error msg="getResultTournamentHandler.Cant found team which won. Error: <nil>" 
39:52+03:00" level=info msg="getJoinTournamentHandler. Team was created. {0xc0420faa00 map[P1:300 P2:233 P3:233 P4:234]}" 
time="2017-07-23T21:39:53+03:00" level=info msg="getBalanceHandler. Player id: P2, balance = 67" 
layer (id = P5) was created" 
time="2017-07-23T21:34:32+03:00" level=info msg="getTournamentHandler. Tournament (id = 1) was created" 
time="2017-07-23T21:34:33+03:00" level=info msg="getJoinTournamentHandler. Team was created. {0xc0420c6ae0 map[P5:1000]}" 
3:00" level=info msg="getJoinTournamentHandler. Team was created. {0xc04218afc0 map[P5:1000]}" 
time="2017-07-23T21:08:59+03:00" level=info msg="Team has be created. map[P1:300 P2:233 P3:233 P4:234]" 
time="2017-07-23T21:08:59+03:00" level=info msg="getJoinTournamentHandler. Team was created. {0xc04218b420 map[P2:233 P3:233 P4:234 P1:300]}" 
time="2017-07-23T21:09:00+03:00" level=info msg="getBalanceHandler. Player id: P2, balance = 67" 
time="2017-07-23T21:09:06+03:00" level=error msg="getResultTournamentHandler.Cant found team which won. Error: <nil>" 
time="2017-07-23T21:13:30+03:00" level=error msg="getResultTournamentHandler.Cant found team which won. Error: <nil>" 
 P2:233 P3:233 P4:234]}" 
time="2017-07-23T21:06:14+03:00" level=error msg="getResultTournamentHandler.Cant found tournament with player. Error: <nil>" 
ndler. Player id: P2, balance = 67" 
time="2017-07-23T20:19:28+03:00" level=error msg="getResultTournamentHandler.Cant found tournament with player. Error: <nil>" 
